{"N:\\Personal Projects\\The Talent\\blogs-backend\\index.js": {"path":"N:\\Personal Projects\\The Talent\\blogs-backend\\index.js","statementMap":{"0":{"start":{"line":26,"column":16},"end":{"line":26,"column":34}},"1":{"start":{"line":27,"column":17},"end":{"line":27,"column":36}},"2":{"start":{"line":28,"column":15},"end":{"line":28,"column":41}},"3":{"start":{"line":29,"column":19},"end":{"line":29,"column":49}},"4":{"start":{"line":30,"column":17},"end":{"line":30,"column":36}},"5":{"start":{"line":31,"column":0},"end":{"line":31,"column":46}},"6":{"start":{"line":33,"column":12},"end":{"line":33,"column":21}},"7":{"start":{"line":35,"column":0},"end":{"line":35,"column":24}},"8":{"start":{"line":36,"column":0},"end":{"line":36,"column":31}},"9":{"start":{"line":37,"column":0},"end":{"line":37,"column":24}},"10":{"start":{"line":38,"column":0},"end":{"line":38,"column":28}},"11":{"start":{"line":39,"column":0},"end":{"line":39,"column":80}},"12":{"start":{"line":39,"column":31},"end":{"line":39,"column":78}},"13":{"start":{"line":42,"column":0},"end":{"line":49,"column":2}},"14":{"start":{"line":46,"column":4},"end":{"line":48,"column":6}},"15":{"start":{"line":47,"column":8},"end":{"line":47,"column":42}},"16":{"start":{"line":50,"column":0},"end":{"line":50,"column":21}}},"fnMap":{"0":{"name":"(anonymous_0)","decl":{"start":{"line":39,"column":17},"end":{"line":39,"column":18}},"loc":{"start":{"line":39,"column":31},"end":{"line":39,"column":78}},"line":39},"1":{"name":"(anonymous_1)","decl":{"start":{"line":44,"column":14},"end":{"line":44,"column":15}},"loc":{"start":{"line":44,"column":18},"end":{"line":49,"column":1}},"line":44},"2":{"name":"(anonymous_2)","decl":{"start":{"line":46,"column":21},"end":{"line":46,"column":22}},"loc":{"start":{"line":46,"column":27},"end":{"line":48,"column":5}},"line":46}},"branchMap":{},"s":{"0":1,"1":1,"2":1,"3":1,"4":1,"5":1,"6":1,"7":1,"8":1,"9":1,"10":1,"11":1,"12":1,"13":1,"14":1,"15":1,"16":1},"f":{"0":1,"1":1,"2":1},"b":{},"_coverageSchema":"1a1c01bbd47fc00a2c39e90264f33305004495a9","hash":"4c340bf9b743f43e862846b77b604c5e0192f875"}
,"N:\\Personal Projects\\The Talent\\blogs-backend\\Utilities\\cloudinary.js": {"path":"N:\\Personal Projects\\The Talent\\blogs-backend\\Utilities\\cloudinary.js","statementMap":{"0":{"start":{"line":1,"column":19},"end":{"line":1,"column":43}},"1":{"start":{"line":2,"column":0},"end":{"line":2,"column":27}},"2":{"start":{"line":4,"column":0},"end":{"line":8,"column":3}},"3":{"start":{"line":10,"column":0},"end":{"line":10,"column":28}}},"fnMap":{},"branchMap":{},"s":{"0":1,"1":1,"2":1,"3":1},"f":{},"b":{},"_coverageSchema":"1a1c01bbd47fc00a2c39e90264f33305004495a9","hash":"5183944d953a7d69b4db83a8e949e211a1505344"}
,"N:\\Personal Projects\\The Talent\\blogs-backend\\Utilities\\multer.js": {"path":"N:\\Personal Projects\\The Talent\\blogs-backend\\Utilities\\multer.js","statementMap":{"0":{"start":{"line":1,"column":15},"end":{"line":1,"column":32}},"1":{"start":{"line":2,"column":13},"end":{"line":2,"column":28}},"2":{"start":{"line":4,"column":16},"end":{"line":11,"column":2}},"3":{"start":{"line":6,"column":4},"end":{"line":6,"column":59}},"4":{"start":{"line":9,"column":4},"end":{"line":9,"column":69}},"5":{"start":{"line":13,"column":15},"end":{"line":16,"column":20}},"6":{"start":{"line":21,"column":0},"end":{"line":21,"column":24}}},"fnMap":{"0":{"name":"(anonymous_0)","decl":{"start":{"line":5,"column":15},"end":{"line":5,"column":16}},"loc":{"start":{"line":5,"column":34},"end":{"line":7,"column":3}},"line":5},"1":{"name":"(anonymous_1)","decl":{"start":{"line":8,"column":12},"end":{"line":8,"column":13}},"loc":{"start":{"line":8,"column":31},"end":{"line":10,"column":3}},"line":8}},"branchMap":{},"s":{"0":1,"1":1,"2":1,"3":0,"4":0,"5":1,"6":1},"f":{"0":0,"1":0},"b":{},"_coverageSchema":"1a1c01bbd47fc00a2c39e90264f33305004495a9","hash":"0429c3a00ebcee7c6236358b405a77b0196a6740"}
,"N:\\Personal Projects\\The Talent\\blogs-backend\\Utilities\\passport_configuration.js": {"path":"N:\\Personal Projects\\The Talent\\blogs-backend\\Utilities\\passport_configuration.js","statementMap":{"0":{"start":{"line":1,"column":17},"end":{"line":1,"column":36}},"1":{"start":{"line":2,"column":20},"end":{"line":2,"column":52}},"2":{"start":{"line":3,"column":19},"end":{"line":3,"column":53}},"3":{"start":{"line":4,"column":18},"end":{"line":4,"column":43}},"4":{"start":{"line":6,"column":13},"end":{"line":9,"column":1}},"5":{"start":{"line":11,"column":0},"end":{"line":21,"column":4}},"6":{"start":{"line":12,"column":2},"end":{"line":20,"column":3}},"7":{"start":{"line":13,"column":17},"end":{"line":13,"column":57}},"8":{"start":{"line":14,"column":4},"end":{"line":16,"column":5}},"9":{"start":{"line":15,"column":6},"end":{"line":15,"column":62}},"10":{"start":{"line":17,"column":4},"end":{"line":17,"column":28}},"11":{"start":{"line":19,"column":4},"end":{"line":19,"column":30}},"12":{"start":{"line":24,"column":0},"end":{"line":24,"column":22}},"13":{"start":{"line":26,"column":0},"end":{"line":26,"column":26}}},"fnMap":{"0":{"name":"(anonymous_0)","decl":{"start":{"line":11,"column":35},"end":{"line":11,"column":36}},"loc":{"start":{"line":11,"column":64},"end":{"line":21,"column":1}},"line":11}},"branchMap":{"0":{"loc":{"start":{"line":14,"column":4},"end":{"line":16,"column":5}},"type":"if","locations":[{"start":{"line":14,"column":4},"end":{"line":16,"column":5}},{"start":{},"end":{}}],"line":14}},"s":{"0":1,"1":1,"2":1,"3":1,"4":1,"5":1,"6":9,"7":9,"8":9,"9":0,"10":9,"11":0,"12":1,"13":1},"f":{"0":9},"b":{"0":[0,9]},"_coverageSchema":"1a1c01bbd47fc00a2c39e90264f33305004495a9","hash":"ab1c6c633b1c8580dc516d410fe9da650cd57089"}
,"N:\\Personal Projects\\The Talent\\blogs-backend\\controller\\BlogController.js": {"path":"N:\\Personal Projects\\The Talent\\blogs-backend\\controller\\BlogController.js","statementMap":{"0":{"start":{"line":1,"column":16},"end":{"line":1,"column":34}},"1":{"start":{"line":2,"column":13},"end":{"line":2,"column":39}},"2":{"start":{"line":3,"column":13},"end":{"line":3,"column":38}},"3":{"start":{"line":4,"column":16},"end":{"line":4,"column":51}},"4":{"start":{"line":5,"column":14},"end":{"line":5,"column":46}},"5":{"start":{"line":6,"column":19},"end":{"line":6,"column":53}},"6":{"start":{"line":7,"column":15},"end":{"line":7,"column":45}},"7":{"start":{"line":8,"column":11},"end":{"line":8,"column":33}},"8":{"start":{"line":10,"column":12},"end":{"line":10,"column":26}},"9":{"start":{"line":11,"column":21},"end":{"line":11,"column":34}},"10":{"start":{"line":52,"column":15},"end":{"line":56,"column":4}},"11":{"start":{"line":57,"column":2},"end":{"line":70,"column":2}},"12":{"start":{"line":58,"column":4},"end":{"line":69,"column":5}},"13":{"start":{"line":59,"column":26},"end":{"line":59,"column":51}},"14":{"start":{"line":60,"column":8},"end":{"line":60,"column":84}},"15":{"start":{"line":60,"column":19},"end":{"line":60,"column":84}},"16":{"start":{"line":62,"column":43},"end":{"line":62,"column":51}},"17":{"start":{"line":63,"column":21},"end":{"line":63,"column":57}},"18":{"start":{"line":64,"column":8},"end":{"line":64,"column":26}},"19":{"start":{"line":65,"column":8},"end":{"line":65,"column":35}},"20":{"start":{"line":67,"column":8},"end":{"line":67,"column":29}},"21":{"start":{"line":68,"column":8},"end":{"line":68,"column":63}},"22":{"start":{"line":115,"column":0},"end":{"line":123,"column":2}},"23":{"start":{"line":116,"column":2},"end":{"line":122,"column":3}},"24":{"start":{"line":117,"column":18},"end":{"line":117,"column":35}},"25":{"start":{"line":118,"column":4},"end":{"line":118,"column":20}},"26":{"start":{"line":120,"column":4},"end":{"line":120,"column":25}},"27":{"start":{"line":121,"column":4},"end":{"line":121,"column":54}},"28":{"start":{"line":125,"column":0},"end":{"line":134,"column":2}},"29":{"start":{"line":127,"column":9},"end":{"line":132,"column":12}},"30":{"start":{"line":128,"column":24},"end":{"line":128,"column":64}},"31":{"start":{"line":129,"column":12},"end":{"line":129,"column":26}},"32":{"start":{"line":131,"column":14},"end":{"line":131,"column":52}},"33":{"start":{"line":136,"column":0},"end":{"line":157,"column":6}},"34":{"start":{"line":137,"column":8},"end":{"line":156,"column":9}},"35":{"start":{"line":138,"column":25},"end":{"line":138,"column":67}},"36":{"start":{"line":140,"column":12},"end":{"line":142,"column":13}},"37":{"start":{"line":141,"column":16},"end":{"line":141,"column":43}},"38":{"start":{"line":144,"column":12},"end":{"line":146,"column":13}},"39":{"start":{"line":145,"column":16},"end":{"line":145,"column":47}},"40":{"start":{"line":147,"column":12},"end":{"line":149,"column":13}},"41":{"start":{"line":148,"column":16},"end":{"line":148,"column":46}},"42":{"start":{"line":151,"column":12},"end":{"line":151,"column":29}},"43":{"start":{"line":152,"column":12},"end":{"line":152,"column":26}},"44":{"start":{"line":154,"column":12},"end":{"line":154,"column":27}},"45":{"start":{"line":155,"column":12},"end":{"line":155,"column":54}},"46":{"start":{"line":159,"column":4},"end":{"line":167,"column":10}},"47":{"start":{"line":160,"column":12},"end":{"line":166,"column":13}},"48":{"start":{"line":161,"column":16},"end":{"line":161,"column":60}},"49":{"start":{"line":162,"column":16},"end":{"line":162,"column":38}},"50":{"start":{"line":164,"column":16},"end":{"line":164,"column":31}},"51":{"start":{"line":165,"column":16},"end":{"line":165,"column":58}},"52":{"start":{"line":169,"column":0},"end":{"line":189,"column":2}},"53":{"start":{"line":170,"column":4},"end":{"line":188,"column":5}},"54":{"start":{"line":171,"column":23},"end":{"line":171,"column":35}},"55":{"start":{"line":172,"column":27},"end":{"line":172,"column":35}},"56":{"start":{"line":173,"column":23},"end":{"line":173,"column":36}},"57":{"start":{"line":175,"column":24},"end":{"line":178,"column":10}},"58":{"start":{"line":180,"column":8},"end":{"line":180,"column":29}},"59":{"start":{"line":181,"column":21},"end":{"line":181,"column":48}},"60":{"start":{"line":182,"column":8},"end":{"line":182,"column":40}},"61":{"start":{"line":184,"column":8},"end":{"line":184,"column":38}},"62":{"start":{"line":187,"column":8},"end":{"line":187,"column":58}},"63":{"start":{"line":191,"column":0},"end":{"line":209,"column":2}},"64":{"start":{"line":192,"column":4},"end":{"line":208,"column":5}},"65":{"start":{"line":193,"column":23},"end":{"line":193,"column":35}},"66":{"start":{"line":194,"column":23},"end":{"line":194,"column":36}},"67":{"start":{"line":195,"column":29},"end":{"line":195,"column":81}},"68":{"start":{"line":197,"column":8},"end":{"line":204,"column":9}},"69":{"start":{"line":198,"column":12},"end":{"line":198,"column":61}},"70":{"start":{"line":199,"column":12},"end":{"line":199,"column":62}},"71":{"start":{"line":201,"column":28},"end":{"line":201,"column":62}},"72":{"start":{"line":202,"column":12},"end":{"line":202,"column":33}},"73":{"start":{"line":203,"column":12},"end":{"line":203,"column":74}},"74":{"start":{"line":206,"column":8},"end":{"line":206,"column":29}},"75":{"start":{"line":207,"column":8},"end":{"line":207,"column":58}},"76":{"start":{"line":211,"column":0},"end":{"line":220,"column":2}},"77":{"start":{"line":212,"column":4},"end":{"line":219,"column":5}},"78":{"start":{"line":213,"column":23},"end":{"line":213,"column":36}},"79":{"start":{"line":214,"column":26},"end":{"line":214,"column":72}},"80":{"start":{"line":215,"column":8},"end":{"line":215,"column":44}},"81":{"start":{"line":217,"column":8},"end":{"line":217,"column":29}},"82":{"start":{"line":218,"column":8},"end":{"line":218,"column":58}},"83":{"start":{"line":222,"column":0},"end":{"line":237,"column":2}},"84":{"start":{"line":223,"column":4},"end":{"line":236,"column":5}},"85":{"start":{"line":224,"column":23},"end":{"line":224,"column":36}},"86":{"start":{"line":226,"column":22},"end":{"line":226,"column":89}},"87":{"start":{"line":228,"column":8},"end":{"line":230,"column":9}},"88":{"start":{"line":229,"column":12},"end":{"line":229,"column":85}},"89":{"start":{"line":232,"column":8},"end":{"line":232,"column":40}},"90":{"start":{"line":235,"column":8},"end":{"line":235,"column":58}},"91":{"start":{"line":239,"column":0},"end":{"line":253,"column":2}},"92":{"start":{"line":240,"column":4},"end":{"line":252,"column":5}},"93":{"start":{"line":241,"column":23},"end":{"line":241,"column":36}},"94":{"start":{"line":242,"column":21},"end":{"line":242,"column":48}},"95":{"start":{"line":243,"column":8},"end":{"line":245,"column":9}},"96":{"start":{"line":244,"column":12},"end":{"line":244,"column":71}},"97":{"start":{"line":246,"column":25},"end":{"line":246,"column":63}},"98":{"start":{"line":248,"column":8},"end":{"line":248,"column":39}},"99":{"start":{"line":251,"column":8},"end":{"line":251,"column":58}}},"fnMap":{"0":{"name":"(anonymous_0)","decl":{"start":{"line":57,"column":23},"end":{"line":57,"column":24}},"loc":{"start":{"line":57,"column":43},"end":{"line":70,"column":1}},"line":57},"1":{"name":"(anonymous_1)","decl":{"start":{"line":115,"column":26},"end":{"line":115,"column":27}},"loc":{"start":{"line":115,"column":46},"end":{"line":123,"column":1}},"line":115},"2":{"name":"(anonymous_2)","decl":{"start":{"line":125,"column":22},"end":{"line":125,"column":23}},"loc":{"start":{"line":125,"column":42},"end":{"line":134,"column":1}},"line":125},"3":{"name":"(anonymous_3)","decl":{"start":{"line":136,"column":21},"end":{"line":136,"column":22}},"loc":{"start":{"line":136,"column":41},"end":{"line":157,"column":5}},"line":136},"4":{"name":"(anonymous_4)","decl":{"start":{"line":159,"column":26},"end":{"line":159,"column":27}},"loc":{"start":{"line":159,"column":46},"end":{"line":167,"column":9}},"line":159},"5":{"name":"(anonymous_5)","decl":{"start":{"line":169,"column":22},"end":{"line":169,"column":23}},"loc":{"start":{"line":169,"column":42},"end":{"line":189,"column":1}},"line":169},"6":{"name":"(anonymous_6)","decl":{"start":{"line":191,"column":19},"end":{"line":191,"column":20}},"loc":{"start":{"line":191,"column":39},"end":{"line":209,"column":1}},"line":191},"7":{"name":"(anonymous_7)","decl":{"start":{"line":211,"column":21},"end":{"line":211,"column":22}},"loc":{"start":{"line":211,"column":41},"end":{"line":220,"column":1}},"line":211},"8":{"name":"(anonymous_8)","decl":{"start":{"line":222,"column":30},"end":{"line":222,"column":31}},"loc":{"start":{"line":222,"column":50},"end":{"line":237,"column":1}},"line":222},"9":{"name":"(anonymous_9)","decl":{"start":{"line":239,"column":21},"end":{"line":239,"column":22}},"loc":{"start":{"line":239,"column":41},"end":{"line":253,"column":1}},"line":239}},"branchMap":{"0":{"loc":{"start":{"line":60,"column":8},"end":{"line":60,"column":84}},"type":"if","locations":[{"start":{"line":60,"column":8},"end":{"line":60,"column":84}},{"start":{},"end":{}}],"line":60},"1":{"loc":{"start":{"line":140,"column":12},"end":{"line":142,"column":13}},"type":"if","locations":[{"start":{"line":140,"column":12},"end":{"line":142,"column":13}},{"start":{},"end":{}}],"line":140},"2":{"loc":{"start":{"line":144,"column":12},"end":{"line":146,"column":13}},"type":"if","locations":[{"start":{"line":144,"column":12},"end":{"line":146,"column":13}},{"start":{},"end":{}}],"line":144},"3":{"loc":{"start":{"line":147,"column":12},"end":{"line":149,"column":13}},"type":"if","locations":[{"start":{"line":147,"column":12},"end":{"line":149,"column":13}},{"start":{},"end":{}}],"line":147},"4":{"loc":{"start":{"line":197,"column":8},"end":{"line":204,"column":9}},"type":"if","locations":[{"start":{"line":197,"column":8},"end":{"line":204,"column":9}},{"start":{"line":200,"column":15},"end":{"line":204,"column":9}}],"line":197},"5":{"loc":{"start":{"line":228,"column":8},"end":{"line":230,"column":9}},"type":"if","locations":[{"start":{"line":228,"column":8},"end":{"line":230,"column":9}},{"start":{},"end":{}}],"line":228},"6":{"loc":{"start":{"line":243,"column":8},"end":{"line":245,"column":9}},"type":"if","locations":[{"start":{"line":243,"column":8},"end":{"line":245,"column":9}},{"start":{},"end":{}}],"line":243}},"s":{"0":1,"1":1,"2":1,"3":1,"4":1,"5":1,"6":1,"7":1,"8":1,"9":1,"10":1,"11":1,"12":2,"13":2,"14":2,"15":1,"16":1,"17":1,"18":1,"19":1,"20":0,"21":0,"22":1,"23":1,"24":1,"25":1,"26":0,"27":0,"28":1,"29":1,"30":1,"31":1,"32":0,"33":1,"34":1,"35":1,"36":1,"37":1,"38":1,"39":0,"40":1,"41":0,"42":1,"43":1,"44":0,"45":0,"46":1,"47":1,"48":1,"49":1,"50":0,"51":0,"52":1,"53":0,"54":0,"55":0,"56":0,"57":0,"58":0,"59":0,"60":0,"61":0,"62":0,"63":1,"64":1,"65":1,"66":1,"67":1,"68":1,"69":0,"70":0,"71":1,"72":1,"73":1,"74":0,"75":0,"76":1,"77":1,"78":1,"79":1,"80":1,"81":0,"82":0,"83":1,"84":1,"85":1,"86":1,"87":1,"88":0,"89":1,"90":0,"91":1,"92":0,"93":0,"94":0,"95":0,"96":0,"97":0,"98":0,"99":0},"f":{"0":2,"1":1,"2":1,"3":1,"4":1,"5":0,"6":1,"7":1,"8":1,"9":0},"b":{"0":[1,1],"1":[1,0],"2":[0,1],"3":[0,1],"4":[0,1],"5":[0,1],"6":[0,0]},"_coverageSchema":"1a1c01bbd47fc00a2c39e90264f33305004495a9","hash":"2bb1da7ff88dbe75c9da405bb573a885a353bdd1"}
,"N:\\Personal Projects\\The Talent\\blogs-backend\\controller\\UserController.js": {"path":"N:\\Personal Projects\\The Talent\\blogs-backend\\controller\\UserController.js","statementMap":{"0":{"start":{"line":1,"column":18},"end":{"line":1,"column":43}},"1":{"start":{"line":2,"column":12},"end":{"line":2,"column":35}},"2":{"start":{"line":3,"column":15},"end":{"line":3,"column":32}},"3":{"start":{"line":5,"column":0},"end":{"line":15,"column":2}},"4":{"start":{"line":6,"column":2},"end":{"line":14,"column":3}},"5":{"start":{"line":7,"column":32},"end":{"line":7,"column":40}},"6":{"start":{"line":9,"column":20},"end":{"line":9,"column":53}},"7":{"start":{"line":10,"column":4},"end":{"line":10,"column":25}},"8":{"start":{"line":11,"column":4},"end":{"line":11,"column":74}},"9":{"start":{"line":13,"column":4},"end":{"line":13,"column":65}},"10":{"start":{"line":17,"column":0},"end":{"line":37,"column":2}},"11":{"start":{"line":18,"column":2},"end":{"line":36,"column":3}},"12":{"start":{"line":19,"column":32},"end":{"line":19,"column":40}},"13":{"start":{"line":20,"column":17},"end":{"line":20,"column":51}},"14":{"start":{"line":21,"column":4},"end":{"line":23,"column":5}},"15":{"start":{"line":22,"column":6},"end":{"line":22,"column":72}},"16":{"start":{"line":25,"column":20},"end":{"line":25,"column":65}},"17":{"start":{"line":26,"column":4},"end":{"line":28,"column":5}},"18":{"start":{"line":27,"column":6},"end":{"line":27,"column":72}},"19":{"start":{"line":30,"column":18},"end":{"line":30,"column":82}},"20":{"start":{"line":33,"column":4},"end":{"line":33,"column":84}},"21":{"start":{"line":35,"column":4},"end":{"line":35,"column":65}}},"fnMap":{"0":{"name":"(anonymous_0)","decl":{"start":{"line":5,"column":17},"end":{"line":5,"column":18}},"loc":{"start":{"line":5,"column":37},"end":{"line":15,"column":1}},"line":5},"1":{"name":"(anonymous_1)","decl":{"start":{"line":17,"column":16},"end":{"line":17,"column":17}},"loc":{"start":{"line":17,"column":36},"end":{"line":37,"column":1}},"line":17}},"branchMap":{"0":{"loc":{"start":{"line":21,"column":4},"end":{"line":23,"column":5}},"type":"if","locations":[{"start":{"line":21,"column":4},"end":{"line":23,"column":5}},{"start":{},"end":{}}],"line":21},"1":{"loc":{"start":{"line":26,"column":4},"end":{"line":28,"column":5}},"type":"if","locations":[{"start":{"line":26,"column":4},"end":{"line":28,"column":5}},{"start":{},"end":{}}],"line":26}},"s":{"0":2,"1":2,"2":2,"3":2,"4":2,"5":2,"6":2,"7":2,"8":1,"9":1,"10":2,"11":4,"12":4,"13":4,"14":3,"15":1,"16":2,"17":2,"18":1,"19":1,"20":1,"21":1},"f":{"0":2,"1":4},"b":{"0":[1,2],"1":[1,1]},"_coverageSchema":"1a1c01bbd47fc00a2c39e90264f33305004495a9","hash":"7e8c44dce661bfef7d31437d31ad386a0e8fe9eb"}
,"N:\\Personal Projects\\The Talent\\blogs-backend\\middlewares\\authentication.js": {"path":"N:\\Personal Projects\\The Talent\\blogs-backend\\middlewares\\authentication.js","statementMap":{"0":{"start":{"line":2,"column":17},"end":{"line":2,"column":36}},"1":{"start":{"line":4,"column":0},"end":{"line":4,"column":75}}},"fnMap":{},"branchMap":{},"s":{"0":1,"1":1},"f":{},"b":{},"_coverageSchema":"1a1c01bbd47fc00a2c39e90264f33305004495a9","hash":"7df26a79241e7a30ceb5ad89f408100aea171b9d"}
,"N:\\Personal Projects\\The Talent\\blogs-backend\\middlewares\\validattion.js": {"path":"N:\\Personal Projects\\The Talent\\blogs-backend\\middlewares\\validattion.js","statementMap":{"0":{"start":{"line":1,"column":12},"end":{"line":1,"column":26}},"1":{"start":{"line":3,"column":21},"end":{"line":6,"column":2}},"2":{"start":{"line":8,"column":20},"end":{"line":11,"column":2}},"3":{"start":{"line":13,"column":23},"end":{"line":17,"column":2}},"4":{"start":{"line":19,"column":22},"end":{"line":21,"column":2}},"5":{"start":{"line":22,"column":0},"end":{"line":28,"column":2}},"6":{"start":{"line":23,"column":20},"end":{"line":23,"column":51}},"7":{"start":{"line":24,"column":2},"end":{"line":26,"column":3}},"8":{"start":{"line":25,"column":4},"end":{"line":25,"column":87}},"9":{"start":{"line":27,"column":2},"end":{"line":27,"column":9}},"10":{"start":{"line":30,"column":0},"end":{"line":36,"column":2}},"11":{"start":{"line":31,"column":20},"end":{"line":31,"column":50}},"12":{"start":{"line":32,"column":2},"end":{"line":34,"column":3}},"13":{"start":{"line":33,"column":4},"end":{"line":33,"column":87}},"14":{"start":{"line":35,"column":2},"end":{"line":35,"column":9}}},"fnMap":{"0":{"name":"(anonymous_0)","decl":{"start":{"line":22,"column":25},"end":{"line":22,"column":26}},"loc":{"start":{"line":22,"column":45},"end":{"line":28,"column":1}},"line":22},"1":{"name":"(anonymous_1)","decl":{"start":{"line":30,"column":24},"end":{"line":30,"column":25}},"loc":{"start":{"line":30,"column":44},"end":{"line":36,"column":1}},"line":30}},"branchMap":{"0":{"loc":{"start":{"line":24,"column":2},"end":{"line":26,"column":3}},"type":"if","locations":[{"start":{"line":24,"column":2},"end":{"line":26,"column":3}},{"start":{},"end":{}}],"line":24},"1":{"loc":{"start":{"line":32,"column":2},"end":{"line":34,"column":3}},"type":"if","locations":[{"start":{"line":32,"column":2},"end":{"line":34,"column":3}},{"start":{},"end":{}}],"line":32}},"s":{"0":2,"1":2,"2":2,"3":2,"4":2,"5":2,"6":2,"7":2,"8":0,"9":2,"10":2,"11":4,"12":4,"13":0,"14":4},"f":{"0":2,"1":4},"b":{"0":[0,2],"1":[0,4]},"_coverageSchema":"1a1c01bbd47fc00a2c39e90264f33305004495a9","hash":"4180baa588486b3c8b04b67905935fcf3bb342ce"}
,"N:\\Personal Projects\\The Talent\\blogs-backend\\models\\Blogs.js": {"path":"N:\\Personal Projects\\The Talent\\blogs-backend\\models\\Blogs.js","statementMap":{"0":{"start":{"line":1,"column":17},"end":{"line":1,"column":36}},"1":{"start":{"line":2,"column":17},"end":{"line":2,"column":41}},"2":{"start":{"line":3,"column":19},"end":{"line":3,"column":46}},"3":{"start":{"line":5,"column":15},"end":{"line":44,"column":1}},"4":{"start":{"line":46,"column":4},"end":{"line":46,"column":51}}},"fnMap":{},"branchMap":{},"s":{"0":1,"1":1,"2":1,"3":1,"4":1},"f":{},"b":{},"_coverageSchema":"1a1c01bbd47fc00a2c39e90264f33305004495a9","hash":"830e6d55153c8969649d6af3c65be37fc296d58d"}
,"N:\\Personal Projects\\The Talent\\blogs-backend\\models\\Blogs_comments.js": {"path":"N:\\Personal Projects\\The Talent\\blogs-backend\\models\\Blogs_comments.js","statementMap":{"0":{"start":{"line":1,"column":17},"end":{"line":1,"column":36}},"1":{"start":{"line":3,"column":22},"end":{"line":23,"column":2}},"2":{"start":{"line":25,"column":20},"end":{"line":25,"column":64}},"3":{"start":{"line":27,"column":0},"end":{"line":27,"column":29}}},"fnMap":{},"branchMap":{},"s":{"0":1,"1":1,"2":1,"3":1},"f":{},"b":{},"_coverageSchema":"1a1c01bbd47fc00a2c39e90264f33305004495a9","hash":"78f151b9911db4fbb1e7de5544a5d91e4421fcca"}
,"N:\\Personal Projects\\The Talent\\blogs-backend\\models\\Blogs_likes.js": {"path":"N:\\Personal Projects\\The Talent\\blogs-backend\\models\\Blogs_likes.js","statementMap":{"0":{"start":{"line":1,"column":17},"end":{"line":1,"column":36}},"1":{"start":{"line":3,"column":19},"end":{"line":18,"column":2}},"2":{"start":{"line":20,"column":18},"end":{"line":20,"column":57}},"3":{"start":{"line":22,"column":0},"end":{"line":22,"column":27}}},"fnMap":{},"branchMap":{},"s":{"0":1,"1":1,"2":1,"3":1},"f":{},"b":{},"_coverageSchema":"1a1c01bbd47fc00a2c39e90264f33305004495a9","hash":"8a8f4621c3e0bc761a50bc1cda0c463a6bf83fe3"}
,"N:\\Personal Projects\\The Talent\\blogs-backend\\models\\User.js": {"path":"N:\\Personal Projects\\The Talent\\blogs-backend\\models\\User.js","statementMap":{"0":{"start":{"line":44,"column":17},"end":{"line":44,"column":36}},"1":{"start":{"line":45,"column":15},"end":{"line":45,"column":34}},"2":{"start":{"line":46,"column":25},"end":{"line":46,"column":27}},"3":{"start":{"line":48,"column":19},"end":{"line":58,"column":2}},"4":{"start":{"line":60,"column":0},"end":{"line":73,"column":3}},"5":{"start":{"line":61,"column":2},"end":{"line":61,"column":50}},"6":{"start":{"line":61,"column":36},"end":{"line":61,"column":50}},"7":{"start":{"line":63,"column":2},"end":{"line":72,"column":5}},"8":{"start":{"line":64,"column":4},"end":{"line":64,"column":30}},"9":{"start":{"line":64,"column":13},"end":{"line":64,"column":30}},"10":{"start":{"line":66,"column":4},"end":{"line":71,"column":7}},"11":{"start":{"line":67,"column":6},"end":{"line":67,"column":32}},"12":{"start":{"line":67,"column":15},"end":{"line":67,"column":32}},"13":{"start":{"line":69,"column":6},"end":{"line":69,"column":27}},"14":{"start":{"line":70,"column":6},"end":{"line":70,"column":13}},"15":{"start":{"line":75,"column":0},"end":{"line":75,"column":52}}},"fnMap":{"0":{"name":"(anonymous_0)","decl":{"start":{"line":60,"column":23},"end":{"line":60,"column":24}},"loc":{"start":{"line":60,"column":39},"end":{"line":73,"column":1}},"line":60},"1":{"name":"(anonymous_1)","decl":{"start":{"line":63,"column":35},"end":{"line":63,"column":36}},"loc":{"start":{"line":63,"column":50},"end":{"line":72,"column":3}},"line":63},"2":{"name":"(anonymous_2)","decl":{"start":{"line":66,"column":37},"end":{"line":66,"column":38}},"loc":{"start":{"line":66,"column":52},"end":{"line":71,"column":5}},"line":66}},"branchMap":{"0":{"loc":{"start":{"line":61,"column":2},"end":{"line":61,"column":50}},"type":"if","locations":[{"start":{"line":61,"column":2},"end":{"line":61,"column":50}},{"start":{},"end":{}}],"line":61},"1":{"loc":{"start":{"line":64,"column":4},"end":{"line":64,"column":30}},"type":"if","locations":[{"start":{"line":64,"column":4},"end":{"line":64,"column":30}},{"start":{},"end":{}}],"line":64},"2":{"loc":{"start":{"line":67,"column":6},"end":{"line":67,"column":32}},"type":"if","locations":[{"start":{"line":67,"column":6},"end":{"line":67,"column":32}},{"start":{},"end":{}}],"line":67}},"s":{"0":2,"1":2,"2":2,"3":2,"4":2,"5":1,"6":0,"7":1,"8":1,"9":0,"10":1,"11":1,"12":0,"13":1,"14":1,"15":2},"f":{"0":1,"1":1,"2":1},"b":{"0":[0,1],"1":[0,1],"2":[0,1]},"_coverageSchema":"1a1c01bbd47fc00a2c39e90264f33305004495a9","hash":"c237f43ab0af5316c0b660d3f5ba8d48a0b16b1e"}
,"N:\\Personal Projects\\The Talent\\blogs-backend\\routes\\UserRoutes.js": {"path":"N:\\Personal Projects\\The Talent\\blogs-backend\\routes\\UserRoutes.js","statementMap":{"0":{"start":{"line":2,"column":16},"end":{"line":2,"column":34}},"1":{"start":{"line":3,"column":17},"end":{"line":3,"column":63}},"2":{"start":{"line":4,"column":23},"end":{"line":4,"column":62}},"3":{"start":{"line":5,"column":42},"end":{"line":5,"column":79}},"4":{"start":{"line":7,"column":15},"end":{"line":7,"column":31}},"5":{"start":{"line":9,"column":0},"end":{"line":9,"column":68}},"6":{"start":{"line":10,"column":0},"end":{"line":10,"column":64}},"7":{"start":{"line":12,"column":0},"end":{"line":12,"column":24}}},"fnMap":{},"branchMap":{},"s":{"0":1,"1":1,"2":1,"3":1,"4":1,"5":1,"6":1,"7":1},"f":{},"b":{},"_coverageSchema":"1a1c01bbd47fc00a2c39e90264f33305004495a9","hash":"c89be981bc5e766d84f7631376ef4ce633ebf201"}
,"N:\\Personal Projects\\The Talent\\blogs-backend\\routes\\routes.js": {"path":"N:\\Personal Projects\\The Talent\\blogs-backend\\routes\\routes.js","statementMap":{"0":{"start":{"line":2,"column":16},"end":{"line":2,"column":34}},"1":{"start":{"line":3,"column":15},"end":{"line":3,"column":31}},"2":{"start":{"line":4,"column":15},"end":{"line":4,"column":45}},"3":{"start":{"line":5,"column":23},"end":{"line":5,"column":62}},"4":{"start":{"line":6,"column":23},"end":{"line":6,"column":62}},"5":{"start":{"line":7,"column":28},"end":{"line":7,"column":68}},"6":{"start":{"line":9,"column":0},"end":{"line":9,"column":69}},"7":{"start":{"line":11,"column":0},"end":{"line":11,"column":65}},"8":{"start":{"line":15,"column":0},"end":{"line":15,"column":69}},"9":{"start":{"line":17,"column":0},"end":{"line":17,"column":70}},"10":{"start":{"line":19,"column":0},"end":{"line":19,"column":71}},"11":{"start":{"line":21,"column":0},"end":{"line":21,"column":79}},"12":{"start":{"line":23,"column":0},"end":{"line":23,"column":72}},"13":{"start":{"line":25,"column":0},"end":{"line":25,"column":74}},"14":{"start":{"line":27,"column":0},"end":{"line":27,"column":87}},"15":{"start":{"line":29,"column":0},"end":{"line":29,"column":77}},"16":{"start":{"line":31,"column":0},"end":{"line":31,"column":45}},"17":{"start":{"line":33,"column":0},"end":{"line":33,"column":43}},"18":{"start":{"line":35,"column":0},"end":{"line":35,"column":24}}},"fnMap":{},"branchMap":{},"s":{"0":1,"1":1,"2":1,"3":1,"4":1,"5":1,"6":1,"7":1,"8":1,"9":1,"10":1,"11":1,"12":1,"13":1,"14":1,"15":1,"16":1,"17":1,"18":1},"f":{},"b":{},"_coverageSchema":"1a1c01bbd47fc00a2c39e90264f33305004495a9","hash":"efc20478a73f68fec82e06f577eca4136925831e"}
}
