TN:
SF:index.js
FN:39,(anonymous_0)
FN:44,(anonymous_1)
FN:46,(anonymous_2)
FNF:3
FNH:3
FNDA:1,(anonymous_0)
FNDA:1,(anonymous_1)
FNDA:1,(anonymous_2)
DA:26,1
DA:27,1
DA:28,1
DA:29,1
DA:30,1
DA:31,1
DA:33,1
DA:35,1
DA:36,1
DA:37,1
DA:38,1
DA:39,1
DA:42,1
DA:46,1
DA:47,1
DA:50,1
LF:16
LH:16
BRF:0
BRH:0
end_of_record
TN:
SF:Utilities\cloudinary.js
FNF:0
FNH:0
DA:1,1
DA:2,1
DA:4,1
DA:10,1
LF:4
LH:4
BRF:0
BRH:0
end_of_record
TN:
SF:Utilities\multer.js
FN:5,(anonymous_0)
FN:8,(anonymous_1)
FNF:2
FNH:0
FNDA:0,(anonymous_0)
FNDA:0,(anonymous_1)
DA:1,1
DA:2,1
DA:4,1
DA:6,0
DA:9,0
DA:13,1
DA:21,1
LF:7
LH:5
BRF:0
BRH:0
end_of_record
TN:
SF:Utilities\passport_configuration.js
FN:11,(anonymous_0)
FNF:1
FNH:1
FNDA:9,(anonymous_0)
DA:1,1
DA:2,1
DA:3,1
DA:4,1
DA:6,1
DA:11,1
DA:12,9
DA:13,9
DA:14,9
DA:15,0
DA:17,9
DA:19,0
DA:24,1
DA:26,1
LF:14
LH:12
BRDA:14,0,0,0
BRDA:14,0,1,9
BRF:2
BRH:1
end_of_record
TN:
SF:controller\BlogController.js
FN:57,(anonymous_0)
FN:115,(anonymous_1)
FN:125,(anonymous_2)
FN:136,(anonymous_3)
FN:159,(anonymous_4)
FN:169,(anonymous_5)
FN:191,(anonymous_6)
FN:211,(anonymous_7)
FN:222,(anonymous_8)
FN:239,(anonymous_9)
FNF:10
FNH:8
FNDA:2,(anonymous_0)
FNDA:1,(anonymous_1)
FNDA:1,(anonymous_2)
FNDA:1,(anonymous_3)
FNDA:1,(anonymous_4)
FNDA:0,(anonymous_5)
FNDA:1,(anonymous_6)
FNDA:1,(anonymous_7)
FNDA:1,(anonymous_8)
FNDA:0,(anonymous_9)
DA:1,1
DA:2,1
DA:3,1
DA:4,1
DA:5,1
DA:6,1
DA:7,1
DA:8,1
DA:10,1
DA:11,1
DA:52,1
DA:57,1
DA:58,2
DA:59,2
DA:60,2
DA:62,1
DA:63,1
DA:64,1
DA:65,1
DA:67,0
DA:68,0
DA:115,1
DA:116,1
DA:117,1
DA:118,1
DA:120,0
DA:121,0
DA:125,1
DA:127,1
DA:128,1
DA:129,1
DA:131,0
DA:136,1
DA:137,1
DA:138,1
DA:140,1
DA:141,1
DA:144,1
DA:145,0
DA:147,1
DA:148,0
DA:151,1
DA:152,1
DA:154,0
DA:155,0
DA:159,1
DA:160,1
DA:161,1
DA:162,1
DA:164,0
DA:165,0
DA:169,1
DA:170,0
DA:171,0
DA:172,0
DA:173,0
DA:175,0
DA:180,0
DA:181,0
DA:182,0
DA:184,0
DA:187,0
DA:191,1
DA:192,1
DA:193,1
DA:194,1
DA:195,1
DA:197,1
DA:198,0
DA:199,0
DA:201,1
DA:202,1
DA:203,1
DA:206,0
DA:207,0
DA:211,1
DA:212,1
DA:213,1
DA:214,1
DA:215,1
DA:217,0
DA:218,0
DA:222,1
DA:223,1
DA:224,1
DA:226,1
DA:228,1
DA:229,0
DA:232,1
DA:235,0
DA:239,1
DA:240,0
DA:241,0
DA:242,0
DA:243,0
DA:244,0
DA:246,0
DA:248,0
DA:251,0
LF:99
LH:62
BRDA:60,0,0,1
BRDA:60,0,1,1
BRDA:140,1,0,1
BRDA:140,1,1,0
BRDA:144,2,0,0
BRDA:144,2,1,1
BRDA:147,3,0,0
BRDA:147,3,1,1
BRDA:197,4,0,0
BRDA:197,4,1,1
BRDA:228,5,0,0
BRDA:228,5,1,1
BRDA:243,6,0,0
BRDA:243,6,1,0
BRF:14
BRH:7
end_of_record
TN:
SF:controller\UserController.js
FN:5,(anonymous_0)
FN:17,(anonymous_1)
FNF:2
FNH:2
FNDA:2,(anonymous_0)
FNDA:4,(anonymous_1)
DA:1,2
DA:2,2
DA:3,2
DA:5,2
DA:6,2
DA:7,2
DA:9,2
DA:10,2
DA:11,1
DA:13,1
DA:17,2
DA:18,4
DA:19,4
DA:20,4
DA:21,3
DA:22,1
DA:25,2
DA:26,2
DA:27,1
DA:30,1
DA:33,1
DA:35,1
LF:22
LH:22
BRDA:21,0,0,1
BRDA:21,0,1,2
BRDA:26,1,0,1
BRDA:26,1,1,1
BRF:4
BRH:4
end_of_record
TN:
SF:middlewares\authentication.js
FNF:0
FNH:0
DA:2,1
DA:4,1
LF:2
LH:2
BRF:0
BRH:0
end_of_record
TN:
SF:middlewares\validattion.js
FN:22,(anonymous_0)
FN:30,(anonymous_1)
FNF:2
FNH:2
FNDA:2,(anonymous_0)
FNDA:4,(anonymous_1)
DA:1,2
DA:3,2
DA:8,2
DA:13,2
DA:19,2
DA:22,2
DA:23,2
DA:24,2
DA:25,0
DA:27,2
DA:30,2
DA:31,4
DA:32,4
DA:33,0
DA:35,4
LF:15
LH:13
BRDA:24,0,0,0
BRDA:24,0,1,2
BRDA:32,1,0,0
BRDA:32,1,1,4
BRF:4
BRH:2
end_of_record
TN:
SF:models\Blogs.js
FNF:0
FNH:0
DA:1,1
DA:2,1
DA:3,1
DA:5,1
DA:46,1
LF:5
LH:5
BRF:0
BRH:0
end_of_record
TN:
SF:models\Blogs_comments.js
FNF:0
FNH:0
DA:1,1
DA:3,1
DA:25,1
DA:27,1
LF:4
LH:4
BRF:0
BRH:0
end_of_record
TN:
SF:models\Blogs_likes.js
FNF:0
FNH:0
DA:1,1
DA:3,1
DA:20,1
DA:22,1
LF:4
LH:4
BRF:0
BRH:0
end_of_record
TN:
SF:models\User.js
FN:60,(anonymous_0)
FN:63,(anonymous_1)
FN:66,(anonymous_2)
FNF:3
FNH:3
FNDA:1,(anonymous_0)
FNDA:1,(anonymous_1)
FNDA:1,(anonymous_2)
DA:44,2
DA:45,2
DA:46,2
DA:48,2
DA:60,2
DA:61,1
DA:63,1
DA:64,1
DA:66,1
DA:67,1
DA:69,1
DA:70,1
DA:75,2
LF:13
LH:13
BRDA:61,0,0,0
BRDA:61,0,1,1
BRDA:64,1,0,0
BRDA:64,1,1,1
BRDA:67,2,0,0
BRDA:67,2,1,1
BRF:6
BRH:3
end_of_record
TN:
SF:routes\UserRoutes.js
FNF:0
FNH:0
DA:2,1
DA:3,1
DA:4,1
DA:5,1
DA:7,1
DA:9,1
DA:10,1
DA:12,1
LF:8
LH:8
BRF:0
BRH:0
end_of_record
TN:
SF:routes\routes.js
FNF:0
FNH:0
DA:2,1
DA:3,1
DA:4,1
DA:5,1
DA:6,1
DA:7,1
DA:9,1
DA:11,1
DA:15,1
DA:17,1
DA:19,1
DA:21,1
DA:23,1
DA:25,1
DA:27,1
DA:29,1
DA:31,1
DA:33,1
DA:35,1
LF:19
LH:19
BRF:0
BRH:0
end_of_record
